2020-12-28 14:33:13.597 [restartedMain] INFO  com.bjfu.MallApplication - Starting MallApplication on MYCdeMacBook-Air.local with PID 4692 (/Users/myc/Desktop/practice/shoppingmall/target/classes started by myc in /Users/myc/Desktop/practice/shoppingmall)
2020-12-28 14:33:13.601 [restartedMain] DEBUG com.bjfu.MallApplication - Running with Spring Boot v1.5.8.RELEASE, Spring v4.3.12.RELEASE
2020-12-28 14:33:13.601 [restartedMain] INFO  com.bjfu.MallApplication - No active profile set, falling back to default profiles: default
2020-12-28 14:33:13.911 [background-preinit] INFO  org.hibernate.validator.internal.util.Version - HV000001: Hibernate Validator 5.3.5.Final
2020-12-28 14:33:16.427 [restartedMain] INFO  org.apache.catalina.core.StandardService - Starting service [Tomcat]
2020-12-28 14:33:16.428 [restartedMain] INFO  org.apache.catalina.core.StandardEngine - Starting Servlet Engine: Apache Tomcat/8.5.23
2020-12-28 14:33:16.517 [localhost-startStop-1] INFO  org.apache.catalina.core.ContainerBase.[Tomcat].[localhost].[/mall] - Initializing Spring embedded WebApplicationContext
2020-12-28 14:33:17.928 [restartedMain] INFO  org.hibernate.jpa.internal.util.LogHelper - HHH000204: Processing PersistenceUnitInfo [
	name: default
	...]
2020-12-28 14:33:18.022 [restartedMain] INFO  org.hibernate.Version - HHH000412: Hibernate Core {5.0.12.Final}
2020-12-28 14:33:18.024 [restartedMain] INFO  org.hibernate.cfg.Environment - HHH000206: hibernate.properties not found
2020-12-28 14:33:18.025 [restartedMain] INFO  org.hibernate.cfg.Environment - HHH000021: Bytecode provider name : javassist
2020-12-28 14:33:18.073 [restartedMain] INFO  org.hibernate.annotations.common.Version - HCANN000001: Hibernate Commons Annotations {5.0.1.Final}
2020-12-28 14:33:18.694 [restartedMain] INFO  com.alibaba.druid.pool.DruidDataSource - {dataSource-1} inited
2020-12-28 14:33:18.708 [restartedMain] INFO  org.hibernate.dialect.Dialect - HHH000400: Using dialect: org.hibernate.dialect.MySQL5Dialect
2020-12-28 14:33:18.736 [restartedMain] INFO  org.hibernate.engine.jdbc.env.internal.LobCreatorBuilderImpl - HHH000423: Disabling contextual LOB creation as JDBC driver reported JDBC version [3] less than 4
2020-12-28 14:33:19.062 [restartedMain] INFO  org.hibernate.tuple.PojoInstantiator - HHH000182: No default (no-argument) constructor for class: com.bjfu.entity.Comment (class must be instantiated by Interceptor)
2020-12-28 14:33:19.150 [restartedMain] INFO  org.hibernate.tool.hbm2ddl.SchemaUpdate - HHH000228: Running hbm2ddl schema update
2020-12-28 14:33:21.367 [restartedMain] INFO  org.apache.coyote.http11.Http11NioProtocol - Initializing ProtocolHandler ["http-nio-8080"]
2020-12-28 14:33:21.376 [restartedMain] INFO  org.apache.coyote.http11.Http11NioProtocol - Starting ProtocolHandler ["http-nio-8080"]
2020-12-28 14:33:21.393 [restartedMain] INFO  org.apache.tomcat.util.net.NioSelectorPool - Using a shared selector for servlet write/read
2020-12-28 14:33:21.415 [restartedMain] INFO  com.bjfu.MallApplication - Started MallApplication in 8.281 seconds (JVM running for 9.738)
2020-12-28 14:33:59.118 [http-nio-8080-exec-1] INFO  org.apache.catalina.core.ContainerBase.[Tomcat].[localhost].[/mall] - Initializing Spring FrameworkServlet 'dispatcherServlet'
2020-12-28 14:33:59.242 [http-nio-8080-exec-1] INFO  org.thymeleaf.TemplateEngine - [THYMELEAF] INITIALIZING TEMPLATE ENGINE
2020-12-28 14:33:59.292 [http-nio-8080-exec-1] INFO  org.thymeleaf.templateresolver.AbstractTemplateResolver - [THYMELEAF] INITIALIZING TEMPLATE RESOLVER: org.thymeleaf.spring4.templateresolver.SpringResourceTemplateResolver
2020-12-28 14:33:59.293 [http-nio-8080-exec-1] INFO  org.thymeleaf.templateresolver.AbstractTemplateResolver - [THYMELEAF] TEMPLATE RESOLVER INITIALIZED OK
2020-12-28 14:33:59.293 [http-nio-8080-exec-1] INFO  org.thymeleaf.messageresolver.AbstractMessageResolver - [THYMELEAF] INITIALIZING MESSAGE RESOLVER: org.thymeleaf.spring4.messageresolver.SpringMessageResolver
2020-12-28 14:33:59.293 [http-nio-8080-exec-1] INFO  org.thymeleaf.messageresolver.AbstractMessageResolver - [THYMELEAF] MESSAGE RESOLVER INITIALIZED OK
2020-12-28 14:33:59.296 [http-nio-8080-exec-1] INFO  org.thymeleaf.TemplateEngine.CONFIG - [THYMELEAF] TEMPLATE ENGINE CONFIGURATION:
[THYMELEAF] * Cache Factory implementation: org.thymeleaf.cache.StandardCacheManager
[THYMELEAF] * Template modes:
[THYMELEAF]     * XML
[THYMELEAF]     * VALIDXHTML
[THYMELEAF]     * HTML5
[THYMELEAF]     * XHTML
[THYMELEAF]     * LEGACYHTML5
[THYMELEAF]     * VALIDXML
[THYMELEAF] * Template resolvers (in order):
[THYMELEAF]     * org.thymeleaf.spring4.templateresolver.SpringResourceTemplateResolver
[THYMELEAF] * Message resolvers (in order):
[THYMELEAF]     * org.thymeleaf.spring4.messageresolver.SpringMessageResolver
[THYMELEAF] * Dialect [1 of 2]: org.thymeleaf.spring4.dialect.SpringStandardDialect
[THYMELEAF]     * Prefix: "th"
[THYMELEAF] * Dialect [2 of 2]: nz.net.ultraq.thymeleaf.LayoutDialect
[THYMELEAF]     * Prefix: "layout"
[THYMELEAF] TEMPLATE ENGINE CONFIGURED OK
2020-12-28 14:33:59.296 [http-nio-8080-exec-1] INFO  org.thymeleaf.TemplateEngine - [THYMELEAF] TEMPLATE ENGINE INITIALIZED
2020-12-28 14:33:59.872 [http-nio-8080-exec-9] INFO  org.hibernate.hql.internal.QueryTranslatorFactoryInitiator - HHH000397: Using ASTQueryTranslatorFactory
2020-12-28 15:17:04.342 [Thread-26] INFO  com.alibaba.druid.pool.DruidDataSource - {dataSource-1} closed
2020-12-28 15:17:17.056 [restartedMain] INFO  com.bjfu.MallApplication - Starting MallApplication on MYCdeMacBook-Air.local with PID 4905 (/Users/myc/Desktop/practice/shoppingmall/target/classes started by myc in /Users/myc/Desktop/practice/shoppingmall)
2020-12-28 15:17:17.059 [restartedMain] DEBUG com.bjfu.MallApplication - Running with Spring Boot v1.5.8.RELEASE, Spring v4.3.12.RELEASE
2020-12-28 15:17:17.060 [restartedMain] INFO  com.bjfu.MallApplication - No active profile set, falling back to default profiles: default
2020-12-28 15:17:17.333 [background-preinit] INFO  org.hibernate.validator.internal.util.Version - HV000001: Hibernate Validator 5.3.5.Final
2020-12-28 15:17:20.652 [restartedMain] INFO  org.apache.catalina.core.StandardService - Starting service [Tomcat]
2020-12-28 15:17:20.653 [restartedMain] INFO  org.apache.catalina.core.StandardEngine - Starting Servlet Engine: Apache Tomcat/8.5.23
2020-12-28 15:17:20.761 [localhost-startStop-1] INFO  org.apache.catalina.core.ContainerBase.[Tomcat].[localhost].[/mall] - Initializing Spring embedded WebApplicationContext
2020-12-28 15:17:23.119 [restartedMain] INFO  org.hibernate.jpa.internal.util.LogHelper - HHH000204: Processing PersistenceUnitInfo [
	name: default
	...]
2020-12-28 15:17:23.230 [restartedMain] INFO  org.hibernate.Version - HHH000412: Hibernate Core {5.0.12.Final}
2020-12-28 15:17:23.233 [restartedMain] INFO  org.hibernate.cfg.Environment - HHH000206: hibernate.properties not found
2020-12-28 15:17:23.234 [restartedMain] INFO  org.hibernate.cfg.Environment - HHH000021: Bytecode provider name : javassist
2020-12-28 15:17:23.289 [restartedMain] INFO  org.hibernate.annotations.common.Version - HCANN000001: Hibernate Commons Annotations {5.0.1.Final}
2020-12-28 15:17:23.848 [restartedMain] INFO  com.alibaba.druid.pool.DruidDataSource - {dataSource-1} inited
2020-12-28 15:17:23.858 [restartedMain] INFO  org.hibernate.dialect.Dialect - HHH000400: Using dialect: org.hibernate.dialect.MySQL5Dialect
2020-12-28 15:17:23.929 [restartedMain] INFO  org.hibernate.engine.jdbc.env.internal.LobCreatorBuilderImpl - HHH000423: Disabling contextual LOB creation as JDBC driver reported JDBC version [3] less than 4
2020-12-28 15:17:24.282 [restartedMain] INFO  org.hibernate.tuple.PojoInstantiator - HHH000182: No default (no-argument) constructor for class: com.bjfu.entity.Comment (class must be instantiated by Interceptor)
2020-12-28 15:17:24.348 [restartedMain] INFO  org.hibernate.tool.hbm2ddl.SchemaUpdate - HHH000228: Running hbm2ddl schema update
2020-12-28 15:17:26.603 [restartedMain] INFO  org.apache.coyote.http11.Http11NioProtocol - Initializing ProtocolHandler ["http-nio-8080"]
2020-12-28 15:17:26.611 [restartedMain] INFO  org.apache.coyote.http11.Http11NioProtocol - Starting ProtocolHandler ["http-nio-8080"]
2020-12-28 15:17:26.629 [restartedMain] INFO  org.apache.tomcat.util.net.NioSelectorPool - Using a shared selector for servlet write/read
2020-12-28 15:17:26.652 [restartedMain] INFO  com.bjfu.MallApplication - Started MallApplication in 9.995 seconds (JVM running for 11.731)
2020-12-28 15:17:39.521 [http-nio-8080-exec-2] INFO  org.apache.catalina.core.ContainerBase.[Tomcat].[localhost].[/mall] - Initializing Spring FrameworkServlet 'dispatcherServlet'
2020-12-28 15:17:39.682 [http-nio-8080-exec-2] INFO  org.thymeleaf.TemplateEngine - [THYMELEAF] INITIALIZING TEMPLATE ENGINE
2020-12-28 15:17:39.736 [http-nio-8080-exec-2] INFO  org.thymeleaf.templateresolver.AbstractTemplateResolver - [THYMELEAF] INITIALIZING TEMPLATE RESOLVER: org.thymeleaf.spring4.templateresolver.SpringResourceTemplateResolver
2020-12-28 15:17:39.736 [http-nio-8080-exec-2] INFO  org.thymeleaf.templateresolver.AbstractTemplateResolver - [THYMELEAF] TEMPLATE RESOLVER INITIALIZED OK
2020-12-28 15:17:39.737 [http-nio-8080-exec-2] INFO  org.thymeleaf.messageresolver.AbstractMessageResolver - [THYMELEAF] INITIALIZING MESSAGE RESOLVER: org.thymeleaf.spring4.messageresolver.SpringMessageResolver
2020-12-28 15:17:39.737 [http-nio-8080-exec-2] INFO  org.thymeleaf.messageresolver.AbstractMessageResolver - [THYMELEAF] MESSAGE RESOLVER INITIALIZED OK
2020-12-28 15:17:39.741 [http-nio-8080-exec-2] INFO  org.thymeleaf.TemplateEngine.CONFIG - [THYMELEAF] TEMPLATE ENGINE CONFIGURATION:
[THYMELEAF] * Cache Factory implementation: org.thymeleaf.cache.StandardCacheManager
[THYMELEAF] * Template modes:
[THYMELEAF]     * VALIDXML
[THYMELEAF]     * XHTML
[THYMELEAF]     * XML
[THYMELEAF]     * HTML5
[THYMELEAF]     * LEGACYHTML5
[THYMELEAF]     * VALIDXHTML
[THYMELEAF] * Template resolvers (in order):
[THYMELEAF]     * org.thymeleaf.spring4.templateresolver.SpringResourceTemplateResolver
[THYMELEAF] * Message resolvers (in order):
[THYMELEAF]     * org.thymeleaf.spring4.messageresolver.SpringMessageResolver
[THYMELEAF] * Dialect [1 of 2]: org.thymeleaf.spring4.dialect.SpringStandardDialect
[THYMELEAF]     * Prefix: "th"
[THYMELEAF] * Dialect [2 of 2]: nz.net.ultraq.thymeleaf.LayoutDialect
[THYMELEAF]     * Prefix: "layout"
[THYMELEAF] TEMPLATE ENGINE CONFIGURED OK
2020-12-28 15:17:39.742 [http-nio-8080-exec-2] INFO  org.thymeleaf.TemplateEngine - [THYMELEAF] TEMPLATE ENGINE INITIALIZED
2020-12-28 15:17:40.501 [http-nio-8080-exec-10] INFO  org.hibernate.hql.internal.QueryTranslatorFactoryInitiator - HHH000397: Using ASTQueryTranslatorFactory
2020-12-28 15:17:58.550 [Thread-30] INFO  com.alibaba.druid.pool.DruidDataSource - {dataSource-1} closed
2020-12-28 15:18:55.125 [restartedMain] INFO  com.bjfu.MallApplication - Starting MallApplication on MYCdeMacBook-Air.local with PID 4915 (/Users/myc/Desktop/practice/shoppingmall/target/classes started by myc in /Users/myc/Desktop/practice/shoppingmall)
2020-12-28 15:18:55.128 [restartedMain] DEBUG com.bjfu.MallApplication - Running with Spring Boot v1.5.8.RELEASE, Spring v4.3.12.RELEASE
2020-12-28 15:18:55.128 [restartedMain] INFO  com.bjfu.MallApplication - No active profile set, falling back to default profiles: default
2020-12-28 15:18:55.363 [background-preinit] INFO  org.hibernate.validator.internal.util.Version - HV000001: Hibernate Validator 5.3.5.Final
2020-12-28 15:18:57.903 [restartedMain] INFO  org.apache.catalina.core.StandardService - Starting service [Tomcat]
2020-12-28 15:18:57.904 [restartedMain] INFO  org.apache.catalina.core.StandardEngine - Starting Servlet Engine: Apache Tomcat/8.5.23
2020-12-28 15:18:58.000 [localhost-startStop-1] INFO  org.apache.catalina.core.ContainerBase.[Tomcat].[localhost].[/mall] - Initializing Spring embedded WebApplicationContext
2020-12-28 15:18:59.526 [restartedMain] INFO  org.hibernate.jpa.internal.util.LogHelper - HHH000204: Processing PersistenceUnitInfo [
	name: default
	...]
2020-12-28 15:18:59.587 [restartedMain] INFO  org.hibernate.Version - HHH000412: Hibernate Core {5.0.12.Final}
2020-12-28 15:18:59.588 [restartedMain] INFO  org.hibernate.cfg.Environment - HHH000206: hibernate.properties not found
2020-12-28 15:18:59.589 [restartedMain] INFO  org.hibernate.cfg.Environment - HHH000021: Bytecode provider name : javassist
2020-12-28 15:18:59.620 [restartedMain] INFO  org.hibernate.annotations.common.Version - HCANN000001: Hibernate Commons Annotations {5.0.1.Final}
2020-12-28 15:19:00.171 [restartedMain] INFO  com.alibaba.druid.pool.DruidDataSource - {dataSource-1} inited
2020-12-28 15:19:00.178 [restartedMain] INFO  org.hibernate.dialect.Dialect - HHH000400: Using dialect: org.hibernate.dialect.MySQL5Dialect
2020-12-28 15:19:00.200 [restartedMain] INFO  org.hibernate.engine.jdbc.env.internal.LobCreatorBuilderImpl - HHH000423: Disabling contextual LOB creation as JDBC driver reported JDBC version [3] less than 4
2020-12-28 15:19:00.569 [restartedMain] INFO  org.hibernate.tuple.PojoInstantiator - HHH000182: No default (no-argument) constructor for class: com.bjfu.entity.Comment (class must be instantiated by Interceptor)
2020-12-28 15:19:00.654 [restartedMain] INFO  org.hibernate.tool.hbm2ddl.SchemaUpdate - HHH000228: Running hbm2ddl schema update
2020-12-28 15:19:03.602 [restartedMain] INFO  org.apache.coyote.http11.Http11NioProtocol - Initializing ProtocolHandler ["http-nio-8080"]
2020-12-28 15:19:03.617 [restartedMain] INFO  org.apache.coyote.http11.Http11NioProtocol - Starting ProtocolHandler ["http-nio-8080"]
2020-12-28 15:19:03.656 [restartedMain] INFO  org.apache.tomcat.util.net.NioSelectorPool - Using a shared selector for servlet write/read
2020-12-28 15:19:03.696 [restartedMain] INFO  com.bjfu.MallApplication - Started MallApplication in 8.806 seconds (JVM running for 9.974)
2020-12-28 15:19:10.053 [http-nio-8080-exec-2] INFO  org.apache.catalina.core.ContainerBase.[Tomcat].[localhost].[/mall] - Initializing Spring FrameworkServlet 'dispatcherServlet'
2020-12-28 15:19:10.232 [http-nio-8080-exec-2] INFO  org.thymeleaf.TemplateEngine - [THYMELEAF] INITIALIZING TEMPLATE ENGINE
2020-12-28 15:19:10.290 [http-nio-8080-exec-2] INFO  org.thymeleaf.templateresolver.AbstractTemplateResolver - [THYMELEAF] INITIALIZING TEMPLATE RESOLVER: org.thymeleaf.spring4.templateresolver.SpringResourceTemplateResolver
2020-12-28 15:19:10.290 [http-nio-8080-exec-2] INFO  org.thymeleaf.templateresolver.AbstractTemplateResolver - [THYMELEAF] TEMPLATE RESOLVER INITIALIZED OK
2020-12-28 15:19:10.291 [http-nio-8080-exec-2] INFO  org.thymeleaf.messageresolver.AbstractMessageResolver - [THYMELEAF] INITIALIZING MESSAGE RESOLVER: org.thymeleaf.spring4.messageresolver.SpringMessageResolver
2020-12-28 15:19:10.291 [http-nio-8080-exec-2] INFO  org.thymeleaf.messageresolver.AbstractMessageResolver - [THYMELEAF] MESSAGE RESOLVER INITIALIZED OK
2020-12-28 15:19:10.294 [http-nio-8080-exec-2] INFO  org.thymeleaf.TemplateEngine.CONFIG - [THYMELEAF] TEMPLATE ENGINE CONFIGURATION:
[THYMELEAF] * Cache Factory implementation: org.thymeleaf.cache.StandardCacheManager
[THYMELEAF] * Template modes:
[THYMELEAF]     * HTML5
[THYMELEAF]     * XML
[THYMELEAF]     * LEGACYHTML5
[THYMELEAF]     * XHTML
[THYMELEAF]     * VALIDXHTML
[THYMELEAF]     * VALIDXML
[THYMELEAF] * Template resolvers (in order):
[THYMELEAF]     * org.thymeleaf.spring4.templateresolver.SpringResourceTemplateResolver
[THYMELEAF] * Message resolvers (in order):
[THYMELEAF]     * org.thymeleaf.spring4.messageresolver.SpringMessageResolver
[THYMELEAF] * Dialect [1 of 2]: org.thymeleaf.spring4.dialect.SpringStandardDialect
[THYMELEAF]     * Prefix: "th"
[THYMELEAF] * Dialect [2 of 2]: nz.net.ultraq.thymeleaf.LayoutDialect
[THYMELEAF]     * Prefix: "layout"
[THYMELEAF] TEMPLATE ENGINE CONFIGURED OK
2020-12-28 15:19:10.294 [http-nio-8080-exec-2] INFO  org.thymeleaf.TemplateEngine - [THYMELEAF] TEMPLATE ENGINE INITIALIZED
2020-12-28 15:19:10.748 [http-nio-8080-exec-10] INFO  org.hibernate.hql.internal.QueryTranslatorFactoryInitiator - HHH000397: Using ASTQueryTranslatorFactory
