2021-01-10 16:39:08.446 [restartedMain] INFO  com.bjfu.MallApplication - Starting MallApplication on MYCdeMacBook-Air.local with PID 17769 (/Users/myc/Desktop/practice/shoppingmall/target/classes started by myc in /Users/myc/Desktop/practice/shoppingmall)
2021-01-10 16:39:08.450 [restartedMain] DEBUG com.bjfu.MallApplication - Running with Spring Boot v1.5.8.RELEASE, Spring v4.3.12.RELEASE
2021-01-10 16:39:08.450 [restartedMain] INFO  com.bjfu.MallApplication - No active profile set, falling back to default profiles: default
2021-01-10 16:39:08.804 [background-preinit] INFO  org.hibernate.validator.internal.util.Version - HV000001: Hibernate Validator 5.3.5.Final
2021-01-10 16:39:11.440 [restartedMain] INFO  org.apache.catalina.core.StandardService - Starting service [Tomcat]
2021-01-10 16:39:11.441 [restartedMain] INFO  org.apache.catalina.core.StandardEngine - Starting Servlet Engine: Apache Tomcat/8.5.23
2021-01-10 16:39:11.529 [localhost-startStop-1] INFO  org.apache.catalina.core.ContainerBase.[Tomcat].[localhost].[/mall] - Initializing Spring embedded WebApplicationContext
2021-01-10 16:39:11.771 [localhost-startStop-1] ERROR org.apache.catalina.session.StandardManager - Exception loading sessions from persistent storage
java.lang.ClassNotFoundException: com.bjfu.entity.CartItem
	at org.springframework.boot.context.embedded.tomcat.TomcatEmbeddedWebappClassLoader.loadClass(TomcatEmbeddedWebappClassLoader.java:52)
	at org.apache.catalina.loader.WebappClassLoaderBase.loadClass(WebappClassLoaderBase.java:1119)
	at java.lang.Class.forName0(Native Method)
	at java.lang.Class.forName(Class.java:348)
	at org.apache.catalina.util.CustomObjectInputStream.resolveClass(CustomObjectInputStream.java:160)
	at java.io.ObjectInputStream.readNonProxyDesc(ObjectInputStream.java:1947)
	at java.io.ObjectInputStream.readClassDesc(ObjectInputStream.java:1830)
	at java.io.ObjectInputStream.readOrdinaryObject(ObjectInputStream.java:2121)
	at java.io.ObjectInputStream.readObject0(ObjectInputStream.java:1647)
	at java.io.ObjectInputStream.readObject(ObjectInputStream.java:483)
	at java.io.ObjectInputStream.readObject(ObjectInputStream.java:441)
	at java.util.ArrayList.readObject(ArrayList.java:799)
	at sun.reflect.NativeMethodAccessorImpl.invoke0(Native Method)
	at sun.reflect.NativeMethodAccessorImpl.invoke(NativeMethodAccessorImpl.java:62)
	at sun.reflect.DelegatingMethodAccessorImpl.invoke(DelegatingMethodAccessorImpl.java:43)
	at java.lang.reflect.Method.invoke(Method.java:498)
	at java.io.ObjectStreamClass.invokeReadObject(ObjectStreamClass.java:1184)
	at java.io.ObjectInputStream.readSerialData(ObjectInputStream.java:2257)
	at java.io.ObjectInputStream.readOrdinaryObject(ObjectInputStream.java:2148)
	at java.io.ObjectInputStream.readObject0(ObjectInputStream.java:1647)
	at java.io.ObjectInputStream.readObject(ObjectInputStream.java:483)
	at java.io.ObjectInputStream.readObject(ObjectInputStream.java:441)
	at org.apache.catalina.session.StandardSession.doReadObject(StandardSession.java:1611)
	at org.apache.catalina.session.StandardSession.readObjectData(StandardSession.java:1077)
	at org.apache.catalina.session.StandardManager.doLoad(StandardManager.java:218)
	at org.apache.catalina.session.StandardManager.load(StandardManager.java:162)
	at org.apache.catalina.session.StandardManager.startInternal(StandardManager.java:356)
	at org.apache.catalina.util.LifecycleBase.start(LifecycleBase.java:150)
	at org.apache.catalina.core.StandardContext.startInternal(StandardContext.java:5224)
	at org.apache.catalina.util.LifecycleBase.start(LifecycleBase.java:150)
	at org.apache.catalina.core.ContainerBase$StartChild.call(ContainerBase.java:1419)
	at org.apache.catalina.core.ContainerBase$StartChild.call(ContainerBase.java:1409)
	at java.util.concurrent.FutureTask.run(FutureTask.java:266)
	at java.util.concurrent.ThreadPoolExecutor.runWorker(ThreadPoolExecutor.java:1149)
	at java.util.concurrent.ThreadPoolExecutor$Worker.run(ThreadPoolExecutor.java:624)
	at java.lang.Thread.run(Thread.java:748)
2021-01-10 16:39:13.040 [restartedMain] INFO  org.hibernate.jpa.internal.util.LogHelper - HHH000204: Processing PersistenceUnitInfo [
	name: default
	...]
2021-01-10 16:39:13.120 [restartedMain] INFO  org.hibernate.Version - HHH000412: Hibernate Core {5.0.12.Final}
2021-01-10 16:39:13.122 [restartedMain] INFO  org.hibernate.cfg.Environment - HHH000206: hibernate.properties not found
2021-01-10 16:39:13.123 [restartedMain] INFO  org.hibernate.cfg.Environment - HHH000021: Bytecode provider name : javassist
2021-01-10 16:39:13.170 [restartedMain] INFO  org.hibernate.annotations.common.Version - HCANN000001: Hibernate Commons Annotations {5.0.1.Final}
2021-01-10 16:39:15.079 [restartedMain] INFO  com.alibaba.druid.pool.DruidDataSource - {dataSource-1} inited
2021-01-10 16:39:15.089 [restartedMain] INFO  org.hibernate.dialect.Dialect - HHH000400: Using dialect: org.hibernate.dialect.MySQL5Dialect
2021-01-10 16:39:15.116 [restartedMain] INFO  org.hibernate.engine.jdbc.env.internal.LobCreatorBuilderImpl - HHH000423: Disabling contextual LOB creation as JDBC driver reported JDBC version [3] less than 4
2021-01-10 16:39:15.457 [restartedMain] INFO  org.hibernate.tuple.PojoInstantiator - HHH000182: No default (no-argument) constructor for class: com.bjfu.entity.Comment (class must be instantiated by Interceptor)
2021-01-10 16:39:15.558 [restartedMain] INFO  org.hibernate.tool.hbm2ddl.SchemaUpdate - HHH000228: Running hbm2ddl schema update
2021-01-10 16:39:27.419 [restartedMain] INFO  org.apache.coyote.http11.Http11NioProtocol - Initializing ProtocolHandler ["http-nio-8080"]
2021-01-10 16:39:27.429 [restartedMain] INFO  org.apache.coyote.http11.Http11NioProtocol - Starting ProtocolHandler ["http-nio-8080"]
2021-01-10 16:39:27.446 [restartedMain] INFO  org.apache.tomcat.util.net.NioSelectorPool - Using a shared selector for servlet write/read
2021-01-10 16:39:27.470 [restartedMain] INFO  com.bjfu.MallApplication - Started MallApplication in 19.424 seconds (JVM running for 20.64)
2021-01-10 16:41:15.703 [http-nio-8080-exec-2] INFO  org.apache.catalina.core.ContainerBase.[Tomcat].[localhost].[/mall] - Initializing Spring FrameworkServlet 'dispatcherServlet'
2021-01-10 16:41:15.907 [http-nio-8080-exec-2] INFO  org.thymeleaf.TemplateEngine - [THYMELEAF] INITIALIZING TEMPLATE ENGINE
2021-01-10 16:41:15.980 [http-nio-8080-exec-2] INFO  org.thymeleaf.templateresolver.AbstractTemplateResolver - [THYMELEAF] INITIALIZING TEMPLATE RESOLVER: org.thymeleaf.spring4.templateresolver.SpringResourceTemplateResolver
2021-01-10 16:41:15.980 [http-nio-8080-exec-2] INFO  org.thymeleaf.templateresolver.AbstractTemplateResolver - [THYMELEAF] TEMPLATE RESOLVER INITIALIZED OK
2021-01-10 16:41:15.980 [http-nio-8080-exec-2] INFO  org.thymeleaf.messageresolver.AbstractMessageResolver - [THYMELEAF] INITIALIZING MESSAGE RESOLVER: org.thymeleaf.spring4.messageresolver.SpringMessageResolver
2021-01-10 16:41:15.980 [http-nio-8080-exec-2] INFO  org.thymeleaf.messageresolver.AbstractMessageResolver - [THYMELEAF] MESSAGE RESOLVER INITIALIZED OK
2021-01-10 16:41:15.984 [http-nio-8080-exec-2] INFO  org.thymeleaf.TemplateEngine.CONFIG - [THYMELEAF] TEMPLATE ENGINE CONFIGURATION:
[THYMELEAF] * Cache Factory implementation: org.thymeleaf.cache.StandardCacheManager
[THYMELEAF] * Template modes:
[THYMELEAF]     * LEGACYHTML5
[THYMELEAF]     * VALIDXML
[THYMELEAF]     * VALIDXHTML
[THYMELEAF]     * XHTML
[THYMELEAF]     * XML
[THYMELEAF]     * HTML5
[THYMELEAF] * Template resolvers (in order):
[THYMELEAF]     * org.thymeleaf.spring4.templateresolver.SpringResourceTemplateResolver
[THYMELEAF] * Message resolvers (in order):
[THYMELEAF]     * org.thymeleaf.spring4.messageresolver.SpringMessageResolver
[THYMELEAF] * Dialect [1 of 2]: org.thymeleaf.spring4.dialect.SpringStandardDialect
[THYMELEAF]     * Prefix: "th"
[THYMELEAF] * Dialect [2 of 2]: nz.net.ultraq.thymeleaf.LayoutDialect
[THYMELEAF]     * Prefix: "layout"
[THYMELEAF] TEMPLATE ENGINE CONFIGURED OK
2021-01-10 16:41:15.985 [http-nio-8080-exec-2] INFO  org.thymeleaf.TemplateEngine - [THYMELEAF] TEMPLATE ENGINE INITIALIZED
2021-01-10 16:41:19.413 [http-nio-8080-exec-3] INFO  org.hibernate.hql.internal.QueryTranslatorFactoryInitiator - HHH000397: Using ASTQueryTranslatorFactory
2021-01-10 16:41:56.141 [Thread-45] WARN  org.springframework.beans.factory.support.DisposableBeanAdapter - Invocation of destroy method failed on bean with name 'classPathFileSystemWatcher': java.lang.NullPointerException
2021-01-10 16:41:56.153 [Thread-45] INFO  com.alibaba.druid.pool.DruidDataSource - {dataSource-1} closed
2021-01-10 16:41:59.211 [restartedMain] INFO  com.bjfu.MallApplication - Starting MallApplication on MYCdeMacBook-Air.local with PID 17769 (/Users/myc/Desktop/practice/shoppingmall/target/classes started by myc in /Users/myc/Desktop/practice/shoppingmall)
2021-01-10 16:41:59.211 [restartedMain] DEBUG com.bjfu.MallApplication - Running with Spring Boot v1.5.8.RELEASE, Spring v4.3.12.RELEASE
2021-01-10 16:41:59.212 [restartedMain] INFO  com.bjfu.MallApplication - No active profile set, falling back to default profiles: default
2021-01-10 16:42:13.490 [restartedMain] INFO  com.bjfu.MallApplication - Starting MallApplication on MYCdeMacBook-Air.local with PID 17822 (/Users/myc/Desktop/practice/shoppingmall/target/classes started by myc in /Users/myc/Desktop/practice/shoppingmall)
2021-01-10 16:42:13.495 [restartedMain] DEBUG com.bjfu.MallApplication - Running with Spring Boot v1.5.8.RELEASE, Spring v4.3.12.RELEASE
2021-01-10 16:42:13.496 [restartedMain] INFO  com.bjfu.MallApplication - No active profile set, falling back to default profiles: default
2021-01-10 16:42:13.786 [background-preinit] INFO  org.hibernate.validator.internal.util.Version - HV000001: Hibernate Validator 5.3.5.Final
2021-01-10 16:42:16.229 [restartedMain] INFO  org.apache.catalina.core.StandardService - Starting service [Tomcat]
2021-01-10 16:42:16.230 [restartedMain] INFO  org.apache.catalina.core.StandardEngine - Starting Servlet Engine: Apache Tomcat/8.5.23
2021-01-10 16:42:16.325 [localhost-startStop-1] INFO  org.apache.catalina.core.ContainerBase.[Tomcat].[localhost].[/mall] - Initializing Spring embedded WebApplicationContext
2021-01-10 16:42:17.676 [restartedMain] INFO  org.hibernate.jpa.internal.util.LogHelper - HHH000204: Processing PersistenceUnitInfo [
	name: default
	...]
2021-01-10 16:42:17.725 [restartedMain] INFO  org.hibernate.Version - HHH000412: Hibernate Core {5.0.12.Final}
2021-01-10 16:42:17.726 [restartedMain] INFO  org.hibernate.cfg.Environment - HHH000206: hibernate.properties not found
2021-01-10 16:42:17.727 [restartedMain] INFO  org.hibernate.cfg.Environment - HHH000021: Bytecode provider name : javassist
2021-01-10 16:42:17.758 [restartedMain] INFO  org.hibernate.annotations.common.Version - HCANN000001: Hibernate Commons Annotations {5.0.1.Final}
2021-01-10 16:42:19.223 [restartedMain] INFO  com.alibaba.druid.pool.DruidDataSource - {dataSource-1} inited
2021-01-10 16:42:19.234 [restartedMain] INFO  org.hibernate.dialect.Dialect - HHH000400: Using dialect: org.hibernate.dialect.MySQL5Dialect
2021-01-10 16:42:19.262 [restartedMain] INFO  org.hibernate.engine.jdbc.env.internal.LobCreatorBuilderImpl - HHH000423: Disabling contextual LOB creation as JDBC driver reported JDBC version [3] less than 4
2021-01-10 16:42:19.618 [restartedMain] INFO  org.hibernate.tuple.PojoInstantiator - HHH000182: No default (no-argument) constructor for class: com.bjfu.entity.Comment (class must be instantiated by Interceptor)
2021-01-10 16:42:19.700 [restartedMain] INFO  org.hibernate.tool.hbm2ddl.SchemaUpdate - HHH000228: Running hbm2ddl schema update
2021-01-10 16:42:32.197 [restartedMain] INFO  org.apache.coyote.http11.Http11NioProtocol - Initializing ProtocolHandler ["http-nio-8080"]
2021-01-10 16:42:32.204 [restartedMain] INFO  org.apache.coyote.http11.Http11NioProtocol - Starting ProtocolHandler ["http-nio-8080"]
2021-01-10 16:42:32.226 [restartedMain] INFO  org.apache.tomcat.util.net.NioSelectorPool - Using a shared selector for servlet write/read
2021-01-10 16:42:32.256 [restartedMain] INFO  com.bjfu.MallApplication - Started MallApplication in 19.156 seconds (JVM running for 20.951)
2021-01-10 16:42:42.603 [http-nio-8080-exec-1] INFO  org.apache.catalina.core.ContainerBase.[Tomcat].[localhost].[/mall] - Initializing Spring FrameworkServlet 'dispatcherServlet'
2021-01-10 16:42:42.696 [http-nio-8080-exec-1] INFO  org.thymeleaf.TemplateEngine - [THYMELEAF] INITIALIZING TEMPLATE ENGINE
2021-01-10 16:42:42.811 [http-nio-8080-exec-1] INFO  org.thymeleaf.templateresolver.AbstractTemplateResolver - [THYMELEAF] INITIALIZING TEMPLATE RESOLVER: org.thymeleaf.spring4.templateresolver.SpringResourceTemplateResolver
2021-01-10 16:42:42.811 [http-nio-8080-exec-1] INFO  org.thymeleaf.templateresolver.AbstractTemplateResolver - [THYMELEAF] TEMPLATE RESOLVER INITIALIZED OK
2021-01-10 16:42:42.811 [http-nio-8080-exec-1] INFO  org.thymeleaf.messageresolver.AbstractMessageResolver - [THYMELEAF] INITIALIZING MESSAGE RESOLVER: org.thymeleaf.spring4.messageresolver.SpringMessageResolver
2021-01-10 16:42:42.812 [http-nio-8080-exec-1] INFO  org.thymeleaf.messageresolver.AbstractMessageResolver - [THYMELEAF] MESSAGE RESOLVER INITIALIZED OK
2021-01-10 16:42:42.819 [http-nio-8080-exec-1] INFO  org.thymeleaf.TemplateEngine.CONFIG - [THYMELEAF] TEMPLATE ENGINE CONFIGURATION:
[THYMELEAF] * Cache Factory implementation: org.thymeleaf.cache.StandardCacheManager
[THYMELEAF] * Template modes:
[THYMELEAF]     * HTML5
[THYMELEAF]     * VALIDXHTML
[THYMELEAF]     * LEGACYHTML5
[THYMELEAF]     * VALIDXML
[THYMELEAF]     * XHTML
[THYMELEAF]     * XML
[THYMELEAF] * Template resolvers (in order):
[THYMELEAF]     * org.thymeleaf.spring4.templateresolver.SpringResourceTemplateResolver
[THYMELEAF] * Message resolvers (in order):
[THYMELEAF]     * org.thymeleaf.spring4.messageresolver.SpringMessageResolver
[THYMELEAF] * Dialect [1 of 2]: org.thymeleaf.spring4.dialect.SpringStandardDialect
[THYMELEAF]     * Prefix: "th"
[THYMELEAF] * Dialect [2 of 2]: nz.net.ultraq.thymeleaf.LayoutDialect
[THYMELEAF]     * Prefix: "layout"
[THYMELEAF] TEMPLATE ENGINE CONFIGURED OK
2021-01-10 16:42:42.819 [http-nio-8080-exec-1] INFO  org.thymeleaf.TemplateEngine - [THYMELEAF] TEMPLATE ENGINE INITIALIZED
2021-01-10 16:42:43.356 [http-nio-8080-exec-9] INFO  org.hibernate.hql.internal.QueryTranslatorFactoryInitiator - HHH000397: Using ASTQueryTranslatorFactory
2021-01-10 18:01:21.625 [Thread-46] WARN  org.springframework.beans.factory.support.DisposableBeanAdapter - Invocation of destroy method failed on bean with name 'classPathFileSystemWatcher': java.lang.NullPointerException
2021-01-10 18:01:21.737 [Thread-46] INFO  com.alibaba.druid.pool.DruidDataSource - {dataSource-1} closed
